<?xml version="1.0" encoding="UTF-8"?>
<!-- Generated by org.testng.reporters.JUnitReportReporter -->
<testsuite hostname="Jagades" failures="0" tests="4" name="GITTask1.GITClass1" time="0.009" errors="0" timestamp="04 Dec 2022 15:36:49 GMT" skipped="0">
  <testcase classname="GITTask1.GITClass1" name="m1" time="0.006"/>
  <testcase classname="GITTask1.GITClass1" name="m6" time="0.000"/>
  <testcase classname="GITTask1.GITClass1" name="m7" time="0.001"/>
  <testcase classname="GITTask1.GITClass1" name="m5" time="0.002"/>
</testsuite> <!-- GITTask1.GITClass1 -->
