<?xml version="1.0" encoding="UTF-8"?>
<!-- Generated by org.testng.reporters.JUnitReportReporter -->
<testsuite hostname="Jagades" failures="0" tests="1" name="GITTask1.GITClass1" time="0.011" errors="0" timestamp="04 Dec 2022 07:04:55 GMT" skipped="0">
  <testcase classname="GITTask1.GITClass1" name="m1" time="0.011"/>
</testsuite> <!-- GITTask1.GITClass1 -->
